<!DOCTYPE html PUBLIC "-//W3C//DTD XHTML 1.1//EN" "http://www.w3.org/TR/xhtml11/DTD/xhtml11.dtd">
<html xmlns="http://www.w3.org/1999/xhtml"><head><title>TestNG Report</title><style type="text/css">table {margin-bottom:10px;border-collapse:collapse;empty-cells:show}th,td {border:1px solid #009;padding:.25em .5em}th {vertical-align:bottom}td {vertical-align:top}table a {font-weight:bold}.stripe td {background-color: #E6EBF9}.num {text-align:right}.passedodd td {background-color: #3F3}.passedeven td {background-color: #0A0}.skippedodd td {background-color: #DDD}.skippedeven td {background-color: #CCC}.failedodd td,.attn {background-color: #F33}.failedeven td,.stripe .attn {background-color: #D00}.stacktrace {white-space:pre;font-family:monospace}.totop {font-size:85%;text-align:center;border-bottom:2px solid #000}</style></head><body><table><tr><th>Test</th><th># Passed</th><th># Skipped</th><th># Failed</th><th>Time (ms)</th><th>Included Groups</th><th>Excluded Groups</th></tr><tr><th colspan="7">Regression Test</th></tr><tr><td><a href="#t0">signup testing</a></td><td class="num">5</td><td class="num">0</td><td class="num attn">2</td><td class="num">38,915</td><td></td><td></td></tr></table><table><thead><tr><th>Class</th><th>Method</th><th>Start</th><th>Time (ms)</th></tr></thead><tbody><tr><th colspan="4">Regression Test</th></tr></tbody><tbody id="t0"><tr><th colspan="4">signup testing &#8212; failed</th></tr><tr class="failedeven"><td rowspan="2">scripts.elementCheck</td><td><a href="#m0">validateElementPresent</a></td><td rowspan="1">1608754974737</td><td rowspan="1">12590</td></tr><tr class="failedeven"><td><a href="#m1">validateMessangerURL</a></td><td rowspan="1">1608754987516</td><td rowspan="1">4584</td></tr><tr><th colspan="4">signup testing &#8212; passed</th></tr><tr class="passedeven"><td rowspan="2">scripts.codeRun</td><td><a href="#m2">btest</a></td><td rowspan="1">1608754974732</td><td rowspan="1">1</td></tr><tr class="passedeven"><td><a href="#m3">ctest</a></td><td rowspan="1">1608754974720</td><td rowspan="1">2</td></tr><tr class="passedodd"><td rowspan="3">scripts.testRun</td><td><a href="#m4">validateTextPresnt</a></td><td rowspan="1">1608754992102</td><td rowspan="1">1</td></tr><tr class="passedodd"><td><a href="#m5">validateTitle</a></td><td rowspan="1">1608754992102</td><td rowspan="1">0</td></tr><tr class="passedodd"><td><a href="#m6">validateUrl</a></td><td rowspan="1">1608754987514</td><td rowspan="1">1</td></tr></tbody></table><h2>signup testing</h2><h3 id="m0">scripts.elementCheck#validateElementPresent</h3><table class="result"><tr><th>Exception</th></tr><tr><td><div class="stacktrace">org.openqa.selenium.NoSuchElementException: no such element: Unable to locate element: {&quot;method&quot;:&quot;xpath&quot;,&quot;selector&quot;:&quot;//*[@id=&quot;u_0_m&quot;]&quot;}
  (Session info: chrome=87.0.4280.88)
  (Driver info: chromedriver=86.0.4240.22 (398b0743353ff36fb1b82468f63a3a93b4e2e89e-refs/branch-heads/4240@{#378}),platform=Windows NT 10.0.19041 x86_64) (WARNING: The server did not provide any stacktrace information)
Command duration or timeout: 10.20 seconds
For documentation on this error, please visit: http://seleniumhq.org/exceptions/no_such_element.html
Build info: version: &apos;2.53.0&apos;, revision: &apos;35ae25b1534ae328c771e0856c93e187490ca824&apos;, time: &apos;2016-03-15 10:43:46&apos;
System info: host: &apos;DESKTOP-VRMT138&apos;, ip: &apos;192.168.0.218&apos;, os.name: &apos;Windows 10&apos;, os.arch: &apos;amd64&apos;, os.version: &apos;10.0&apos;, java.version: &apos;14.0.2&apos;
Driver info: org.openqa.selenium.chrome.ChromeDriver
Capabilities [{mobileEmulationEnabled=false, timeouts={implicit=0, pageLoad=300000, script=30000}, hasTouchScreen=false, platform=XP, acceptSslCerts=false, goog:chromeOptions={debuggerAddress=localhost:52146}, acceptInsecureCerts=false, webStorageEnabled=true, browserName=chrome, takesScreenshot=true, javascriptEnabled=true, setWindowRect=true, unexpectedAlertBehaviour=ignore, applicationCacheEnabled=false, rotatable=false, networkConnectionEnabled=false, chrome={chromedriverVersion=86.0.4240.22 (398b0743353ff36fb1b82468f63a3a93b4e2e89e-refs/branch-heads/4240@{#378}), userDataDir=C:\Users\roche\AppData\Local\Temp\scoped_dir408_1287308763}, takesHeapSnapshot=true, pageLoadStrategy=normal, strictFileInteractability=false, databaseEnabled=false, handlesAlerts=true, version=87.0.4280.88, browserConnectionEnabled=false, proxy={}, nativeEvents=true, locationContextEnabled=true, cssSelectorsEnabled=true, webauthn:virtualAuthenticators=true}]
Session ID: 358cdaf7d30f42df6fab25a8e51878fd
*** Element info: {Using=xpath, value=//*[@id=&quot;u_0_m&quot;]}
	at org.openqa.selenium.remote.ErrorHandler.createThrowable(ErrorHandler.java:206)
	at org.openqa.selenium.remote.ErrorHandler.throwIfResponseFailed(ErrorHandler.java:158)
	at org.openqa.selenium.remote.RemoteWebDriver.execute(RemoteWebDriver.java:678)
	at org.openqa.selenium.remote.RemoteWebDriver.findElement(RemoteWebDriver.java:363)
	at org.openqa.selenium.remote.RemoteWebDriver.findElementByXPath(RemoteWebDriver.java:500)
	at org.openqa.selenium.By$ByXPath.findElement(By.java:361)
	at org.openqa.selenium.remote.RemoteWebDriver.findElement(RemoteWebDriver.java:355)
	at scripts.pageHome.getFirstName(pageHome.java:26)
	at scripts.elementCheck.validateElementPresent(elementCheck.java:42)
... Removed 39 stack frames</div></td></tr></table><p class="totop"><a href="#summary">back to summary</a></p><h3 id="m1">scripts.elementCheck#validateMessangerURL</h3><table class="result"><tr><th>Exception</th></tr><tr><td><div class="stacktrace">java.lang.AssertionError: expected [test] but found [michael]
	at scripts.elementCheck.validateMessangerURL(elementCheck.java:59)
... Removed 40 stack frames</div></td></tr></table><p class="totop"><a href="#summary">back to summary</a></p><h3 id="m2">scripts.codeRun#btest</h3><table class="result"></table><p class="totop"><a href="#summary">back to summary</a></p><h3 id="m3">scripts.codeRun#ctest</h3><table class="result"></table><p class="totop"><a href="#summary">back to summary</a></p><h3 id="m4">scripts.testRun#validateTextPresnt</h3><table class="result"></table><p class="totop"><a href="#summary">back to summary</a></p><h3 id="m5">scripts.testRun#validateTitle</h3><table class="result"></table><p class="totop"><a href="#summary">back to summary</a></p><h3 id="m6">scripts.testRun#validateUrl</h3><table class="result"></table><p class="totop"><a href="#summary">back to summary</a></p></body></html>